<?xml version="1.0" encoding="UTF-8"?>
<!-- Generated by org.testng.reporters.JUnitXMLReporter -->
<testsuite ignored="0" hostname="Lenova-AYB" failures="1" tests="2" name="Test" time="59.72" errors="0" timestamp="2022-10-20T11:47:57 IST">
  <testcase classname="testClasses.VerifyUserCanLogin" name="VerifyUserLogin" time="10.444">
    <failure type="java.lang.AssertionError" message="expected [true] but found [false]">
      <![CDATA[java.lang.AssertionError: expected [true] but found [false]
at testClasses.VerifyUserCanLogin.VerifyUserLogin(VerifyUserCanLogin.java:61)
at java.base/java.util.ArrayList.forEach(ArrayList.java:1511)
... Removed 29 stack frames]]>
    </failure>
  </testcase> <!-- VerifyUserLogin -->
  <testcase classname="testClasses.VerifyUserCanGetLowestPriceProduct" name="VerifyUserGetLowestPriceProduct" time="4.942"/>
</testsuite> <!-- Test -->
